{"game":"GAME","move":1,"white":"e2-e4"}
{"game":"GAME","move":1,"black":"g8-f6"}
{"game":"GAME","move":2,"white":"e4-e5"}
{"game":"GAME","move":2,"black":"f6-d5"}
{"game":"GAME","move":3,"white":"d2-d4"}
{"game":"GAME","move":3,"black":"d7-d6"}
{"game":"GAME","move":4,"white":"g1-f3"}
{"game":"GAME","move":4,"black":"g7-g6"}
{"game":"GAME","move":5,"white":"f1-c4"}
{"game":"GAME","move":5,"black":"d5-b6"}
{"game":"GAME","move":6,"white":"c4-b3"}
{"game":"GAME","move":6,"black":"f8-g7"}
{"game":"GAME","move":7,"white":"b1-d2"}
{"game":"GAME","move":7,"black":"0-0"}
{"game":"GAME","move":8,"white":"h2-h3"}
{"game":"GAME","move":8,"black":"a7-a5"}
{"game":"GAME","move":9,"white":"a2-a4"}
{"game":"GAME","move":9,"black":"d6xe5"}
{"game":"GAME","move":10,"white":"d4xe5"}
{"game":"GAME","move":10,"black":"b8-a6"}
{"game":"GAME","move":11,"white":"0-0"}
{"game":"GAME","move":11,"black":"a6-c5"}
{"game":"GAME","move":12,"white":"d1-e2"}
{"game":"GAME","move":12,"black":"d8-e8"}
{"game":"GAME","move":13,"white":"d2-e4"}
{"game":"GAME","move":13,"black":"b6xa4"}
{"game":"GAME","move":14,"white":"b3xa4"}
{"game":"GAME","move":14,"black":"c5xa4"}
{"game":"GAME","move":15,"white":"f1-e1"}
{"game":"GAME","move":15,"black":"a4-b6"}
{"game":"GAME","move":16,"white":"c1-d2"}
{"game":"GAME","move":16,"black":"a5-a4"}
{"game":"GAME","move":17,"white":"d2-g5"}
{"game":"GAME","move":17,"black":"h7-h6"}
{"game":"GAME","move":18,"white":"g5-h4"}
{"game":"GAME","move":18,"black":"c1-f5"}
{"game":"GAME","move":19,"white":"g2-g4"}
{"game":"GAME","move":19,"black":"f5-e6"}
{"game":"GAME","move":20,"white":"f3-d4"}
{"game":"GAME","move":20,"black":"e6-c4"}
{"game":"GAME","move":21,"white":"e2-d2"}
{"game":"GAME","move":21,"black":"e8-d7"}
{"game":"GAME","move":22,"white":"a1-d1"}
{"game":"GAME","move":22,"black":"f8-d8"}
{"game":"GAME","move":23,"white":"f2-f4"}
{"game":"GAME","move":23,"black":"c4-d5"}
{"game":"GAME","move":24,"white":"e4-c5"}
{"game":"GAME","move":24,"black":"d7-c8"}
{"game":"GAME","move":25,"white":"d2-c3"}
{"game":"GAME","move":25,"black":"e7-e6"}
{"game":"GAME","move":26,"white":"g1-h2"}
{"game":"GAME","move":26,"black":"b6-d7"}
{"game":"GAME","move":27,"white":"c5-d3"}
{"game":"GAME","move":27,"black":"c7-c5"}
{"game":"GAME","move":28,"white":"d4-b5"}
{"game":"GAME","move":28,"black":"c8-c6"}
{"game":"GAME","move":29,"white":"b5-d6"}
{"game":"GAME","move":29,"black":"c6xd6"}
{"game":"GAME","move":30,"white":"e5xd6"}
{"game":"GAME","move":30,"black":"g7xc3"}
{"game":"GAME","move":31,"white":"b2xc3"}
{"game":"GAME","move":31,"black":"f7-f6"}
{"game":"GAME","move":32,"white":"g4-g5"}
{"game":"GAME","move":32,"black":"h6xg5"}
{"game":"GAME","move":33,"white":"f4xg5"}
{"game":"GAME","move":33,"black":"f6-f5"}
{"game":"GAME","move":34,"white":"h4-g3"}
{"game":"GAME","move":34,"black":"g8-f7"}
{"game":"GAME","move":35,"white":"d3-e5"}
{"game":"GAME","move":35,"black":"d7xe5"}
{"game":"GAME","move":36,"white":"g3xe5"}
{"game":"GAME","move":36,"black":"b7-b5"}
{"game":"GAME","move":37,"white":"e1-f1"}
{"game":"GAME","move":37,"black":"d8-h8"}
{"game":"GAME","move":38,"white":"e5-f6"}
{"game":"GAME","move":38,"black":"a4-a3"}
{"game":"GAME","move":39,"white":"f1-f4"}
{"game":"GAME","move":39,"black":"a3-a2"}
{"game":"GAME","move":40,"white":"c3-c4"}
{"game":"GAME","move":40,"black":"d5xc4"}
{"game":"GAME","move":41,"white":"d6-d7"}
{"game":"GAME","move":41,"black":"c4-d5"}
{"game":"GAME","move":42,"white":"h2-g3"}
{"game":"GAME","move":42,"black":"a8-a3+"}
{"game":"GAME","move":43,"white":"c2-c3"}
{"game":"GAME","move":43,"black":"h8-a8"}
{"game":"GAME","move":44,"white":"f4-h4"}
{"game":"GAME","move":44,"black":"e6-e5"}
{"game":"GAME","move":45,"white":"e5-e7+"}
{"game":"GAME","move":45,"black":"f7-e6"}
{"game":"GAME","move":46,"white":"h7-e7+"}
{"game":"GAME","move":46,"black":"e6-d6"}
{"game":"GAME","move":47,"white":"e7-e5"}
{"game":"GAME","move":47,"black":"a3xc3"}
{"game":"GAME","move":48,"white":"g3-f2"}
{"game":"GAME","move":48,"black":"c3-c2+"}
{"game":"GAME","move":49,"white":"f2-e1"}
{"game":"GAME","move":49,"black":"d6xd7"}
{"game":"GAME","move":50,"white":"e5xd5+"}
{"game":"GAME","move":50,"black":"d7-c6"}
{"game":"GAME","move":51,"white":"d5-d6+"}
{"game":"GAME","move":51,"black":"c6-b7"}
{"game":"GAME","move":52,"white":"d6-d7+"}
{"game":"GAME","move":52,"black":"b7-a6"}
{"game":"GAME","move":53,"white":"d7-d2"}
{"game":"GAME","move":53,"black":"c2xd2"}
{"game":"GAME","move":54,"white":"e1xd2"}
{"game":"GAME","move":54,"black":"b5-b4"}
{"game":"GAME","move":55,"white":"h3-h4"}
{"game":"GAME","move":55,"black":"a6-b5"}
{"game":"GAME","move":56,"white":"h4-h5"}
{"game":"GAME","move":56,"black":"c5-c4"}
{"game":"GAME","move":57,"white":"d1-a1"}
{"game":"GAME","move":57,"black":"g6xh5"}
{"game":"GAME","move":58,"white":"g5-g6"}
{"game":"GAME","move":58,"black":"h5-h4"}
{"game":"GAME","move":59,"white":"g6-g7"}
{"game":"GAME","move":59,"black":"h4-h3"}
{"game":"GAME","move":60,"white":"f6-e7"}
{"game":"GAME","move":60,"black":"a8-g8"}
{"game":"GAME","move":61,"white":"e7-f8"}
{"game":"GAME","move":61,"black":"h3-h2"}
{"game":"GAME","move":62,"white":"d2-c2"}
{"game":"GAME","move":62,"black":"b5-c6"}
{"game":"GAME","move":63,"white":"a1-d1"}
{"game":"GAME","move":63,"black":"b4-b3+"}
{"game":"GAME","move":64,"white":"c2-c3"}
{"game":"GAME","move":64,"black":"a2-a1=Q+"}
{"game":"GAME","move":65,"white":"d1xa1"}
{"game":"GAME","move":65,"black":"c6-d5"}
{"game":"GAME","move":66,"white":"c3-b2"}
{"game":"GAME","move":66,"black":"f5-f4"}
{"game":"GAME","move":67,"white":"a1-d1+"}
{"game":"GAME","move":67,"black":"d5-e4"}
{"game":"GAME","move":68,"white":"d1-c1"}
{"game":"GAME","move":68,"black":"e4-d3"}
{"game":"GAME","move":69,"white":"c1-d1+"}
{"game":"GAME","move":69,"black":"d3-e2"}
{"game":"GAME","move":70,"white":"d1-c1"}
{"game":"GAME","move":70,"black":"f4-f3"}
{"game":"GAME","move":71,"white":"f8-c5"}
{"game":"GAME","move":71,"black":"g8xg7"}
{"game":"GAME","move":72,"white":"c1xc4"}
{"game":"GAME","move":72,"black":"g7-d7"}
{"game":"GAME","move":73,"white":"c4-e4+"}
{"game":"GAME","move":73,"black":"e2-f1"}
{"game":"GAME","move":74,"white":"c5-d4"}
{"game":"GAME","move":74,"black":"f3-f2"}
